2021-01-11 17:11:41,557 - Scrapy 2.4.1 started (bot: tutorial)
2021-01-11 17:11:41,558 - Versions: lxml 4.6.1.0, libxml2 2.9.10, cssselect 1.1.0, parsel 1.5.2, w3lib 1.21.0, Twisted 20.3.0, Python 3.8.5 (default, Sep  3 2020, 21:29:08) [MSC v.1916 64 bit (AMD64)], pyOpenSSL 19.1.0 (OpenSSL 1.1.1h  22 Sep 2020), cryptography 3.1.1, Platform Windows-10-10.0.17134-SP0
2021-01-11 17:11:41,558 - Using reactor: twisted.internet.selectreactor.SelectReactor
2021-01-11 17:11:41,561 - Overridden settings:
{'BOT_NAME': 'tutorial',
 'NEWSPIDER_MODULE': 'tutorial.spiders',
 'ROBOTSTXT_OBEY': True,
 'SPIDER_MODULES': ['tutorial.spiders']}
2021-01-11 17:11:41,576 - Telnet Password: 76e8aebae78b1676
2021-01-11 17:11:41,590 - C:\Anaconda\lib\site-packages\scrapy\extensions\feedexport.py:247: ScrapyDeprecationWarning: The `FEED_URI` and `FEED_FORMAT` settings have been deprecated in favor of the `FEEDS` setting. Please see the `FEEDS` setting docs for more details
  exporter = cls(crawler)

2021-01-11 17:11:41,596 - Enabled extensions:
['scrapy.extensions.corestats.CoreStats',
 'scrapy.extensions.telnet.TelnetConsole',
 'scrapy.extensions.feedexport.FeedExporter',
 'scrapy.extensions.logstats.LogStats']
2021-01-11 17:11:41,780 - Enabled downloader middlewares:
['scrapy.downloadermiddlewares.robotstxt.RobotsTxtMiddleware',
 'scrapy.downloadermiddlewares.httpauth.HttpAuthMiddleware',
 'scrapy.downloadermiddlewares.downloadtimeout.DownloadTimeoutMiddleware',
 'scrapy.downloadermiddlewares.defaultheaders.DefaultHeadersMiddleware',
 'scrapy.downloadermiddlewares.useragent.UserAgentMiddleware',
 'scrapy.downloadermiddlewares.retry.RetryMiddleware',
 'scrapy.downloadermiddlewares.redirect.MetaRefreshMiddleware',
 'scrapy.downloadermiddlewares.httpcompression.HttpCompressionMiddleware',
 'scrapy.downloadermiddlewares.redirect.RedirectMiddleware',
 'scrapy.downloadermiddlewares.cookies.CookiesMiddleware',
 'scrapy.downloadermiddlewares.httpproxy.HttpProxyMiddleware',
 'scrapy.downloadermiddlewares.stats.DownloaderStats']
2021-01-11 17:11:41,784 - Enabled spider middlewares:
['scrapy.spidermiddlewares.httperror.HttpErrorMiddleware',
 'scrapy.spidermiddlewares.offsite.OffsiteMiddleware',
 'scrapy.spidermiddlewares.referer.RefererMiddleware',
 'scrapy.spidermiddlewares.urllength.UrlLengthMiddleware',
 'scrapy.spidermiddlewares.depth.DepthMiddleware']
2021-01-11 17:11:41,784 - Enabled item pipelines:
[]
2021-01-11 17:11:41,785 - Spider opened
2021-01-11 17:11:41,787 - Crawled 0 pages (at 0 pages/min), scraped 0 items (at 0 items/min)
2021-01-11 17:11:41,788 - Telnet console listening on 127.0.0.1:6023
2021-01-11 17:11:42,061 - Crawled (200) <GET https://www.imdb.com/robots.txt> (referer: None)
2021-01-11 17:11:42,243 - Redirecting (301) to <GET https://www.imdb.com/search/title/?title_type=feature> from <GET https://www.imdb.com/search/title?title_type=feature>
